<?xml version="1.0" encoding="UTF-8"?>
<!-- Generated by org.testng.reporters.JUnitXMLReporter -->
<testsuite hostname="LAPTOP-7BBJJRTK" ignored="4" name="Test_1" tests="6" failures="0" timestamp="2019-11-23T17:26:22 IST" time="0.125" errors="0">
  <testcase name="testA" time="0.013" classname="testNG1.Test1"/>
  <testcase name="testB" time="0.004" classname="testNG1.Test1"/>
  <testcase name="testC" time="0.005" classname="testNG1.Test1"/>
  <testcase name="test1" time="0.003" classname="testNG1.Test2"/>
  <testcase name="test2" time="0.005" classname="testNG1.Test2"/>
  <testcase name="test3" time="0.004" classname="testNG1.Test2"/>
  <testcase name="@AfterSuite method9" time="0.0" classname="testNG1.BaseTest1">
    <ignored/>
  </testcase> <!-- @AfterSuite method9 -->
  <testcase name="@BeforeSuite method0" time="0.0" classname="testNG1.BaseTest1">
    <ignored/>
  </testcase> <!-- @BeforeSuite method0 -->
  <testcase name="@BeforeTest method2" time="0.0" classname="testNG1.BaseTest1">
    <ignored/>
  </testcase> <!-- @BeforeTest method2 -->
  <testcase name="@AfterTest method7" time="0.0" classname="testNG1.BaseTest1">
    <ignored/>
  </testcase> <!-- @AfterTest method7 -->
</testsuite> <!-- Test_1 -->
