<?xml version="1.0" encoding="UTF-8"?>
<!-- Generated by org.testng.reporters.JUnitXMLReporter -->
<testsuite hostname="LAPTOP-7BBJJRTK" ignored="0" name="Test" tests="3" failures="0" timestamp="2019-11-24T17:11:51 IST" time="21.359" errors="0">
  <testcase name="loginOrange" time="16.794" classname="testNG1.LoginEx1"/>
  <testcase name="title1" time="0.011" classname="testNG1.LoginEx1"/>
  <testcase name="logoutOrange" time="4.517" classname="testNG1.LoginEx1"/>
</testsuite> <!-- Test -->
