<?xml version="1.0" encoding="UTF-8"?>
<!-- Generated by org.testng.reporters.JUnitXMLReporter -->
<testsuite hostname="LAPTOP-7BBJJRTK" ignored="0" name="GRID TEST WITH SERIAL EXECUTION WITH BROWSER firefox" tests="2" failures="0" timestamp="2019-12-08T17:16:58 IST" time="14.489" errors="0">
  <testcase name="mailTest" time="12.959" classname="testNG1.GridTestNgEx1"/>
  <testcase name="mailTest" time="14.447" classname="testNG1.GridTestNgEx1"/>
</testsuite> <!-- GRID TEST WITH SERIAL EXECUTION WITH BROWSER firefox -->
